  main.cpp
F:\academic\4-2\1. LAB FILES\AAA\Lab 3\Lighting Student Version\main.cpp(308,67): warning C4305: 'argument': truncation from 'double' to 'float'
F:\academic\4-2\1. LAB FILES\AAA\Lab 3\Lighting Student Version\main.cpp(308,63): warning C4305: 'argument': truncation from 'double' to 'float'
F:\academic\4-2\1. LAB FILES\AAA\Lab 3\Lighting Student Version\main.cpp(308,59): warning C4305: 'argument': truncation from 'double' to 'float'
F:\academic\4-2\1. LAB FILES\AAA\Lab 3\Lighting Student Version\main.cpp(320,61): warning C4305: 'argument': truncation from 'double' to 'float'
F:\academic\4-2\1. LAB FILES\AAA\Lab 3\Lighting Student Version\main.cpp(320,57): warning C4305: 'argument': truncation from 'double' to 'float'
F:\academic\4-2\1. LAB FILES\AAA\Lab 3\Lighting Student Version\main.cpp(320,53): warning C4305: 'argument': truncation from 'double' to 'float'
F:\academic\4-2\1. LAB FILES\AAA\Lab 3\Lighting Student Version\main.cpp(324,50): warning C4305: 'argument': truncation from 'double' to 'float'
F:\academic\4-2\1. LAB FILES\AAA\Lab 3\Lighting Student Version\main.cpp(325,50): warning C4305: 'argument': truncation from 'double' to 'float'
F:\academic\4-2\1. LAB FILES\AAA\Lab 3\Lighting Student Version\main.cpp(425,22): warning C4305: 'initializing': truncation from 'double' to 'float'
F:\academic\4-2\1. LAB FILES\AAA\Lab 3\Lighting Student Version\main.cpp(428,23): warning C4305: 'initializing': truncation from 'double' to 'float'
F:\academic\4-2\1. LAB FILES\AAA\Lab 3\Lighting Student Version\main.cpp(429,24): warning C4305: 'initializing': truncation from 'double' to 'float'
F:\academic\4-2\1. LAB FILES\AAA\Lab 3\Lighting Student Version\main.cpp(430,24): warning C4305: 'initializing': truncation from 'double' to 'float'
F:\academic\4-2\1. LAB FILES\AAA\Lab 3\Lighting Student Version\main.cpp(431,25): warning C4305: 'initializing': truncation from 'double' to 'float'
F:\academic\4-2\1. LAB FILES\AAA\Lab 3\Lighting Student Version\main.cpp(432,22): warning C4305: 'initializing': truncation from 'double' to 'float'
F:\academic\4-2\1. LAB FILES\AAA\Lab 3\Lighting Student Version\main.cpp(442,60): warning C4305: 'argument': truncation from 'double' to 'float'
F:\academic\4-2\1. LAB FILES\AAA\Lab 3\Lighting Student Version\main.cpp(442,53): warning C4305: 'argument': truncation from 'double' to 'float'
F:\academic\4-2\1. LAB FILES\AAA\Lab 3\Lighting Student Version\main.cpp(442,46): warning C4305: 'argument': truncation from 'double' to 'float'
F:\academic\4-2\1. LAB FILES\AAA\Lab 3\Lighting Student Version\main.cpp(453,60): warning C4305: 'argument': truncation from 'double' to 'float'
F:\academic\4-2\1. LAB FILES\AAA\Lab 3\Lighting Student Version\main.cpp(453,53): warning C4305: 'argument': truncation from 'double' to 'float'
F:\academic\4-2\1. LAB FILES\AAA\Lab 3\Lighting Student Version\main.cpp(453,46): warning C4305: 'argument': truncation from 'double' to 'float'
F:\academic\4-2\1. LAB FILES\AAA\Lab 3\Lighting Student Version\main.cpp(464,49): warning C4305: 'argument': truncation from 'double' to 'float'
F:\academic\4-2\1. LAB FILES\AAA\Lab 3\Lighting Student Version\main.cpp(475,49): warning C4305: 'argument': truncation from 'double' to 'float'
F:\academic\4-2\1. LAB FILES\AAA\Lab 3\Lighting Student Version\main.cpp(486,60): warning C4305: 'argument': truncation from 'double' to 'float'
F:\academic\4-2\1. LAB FILES\AAA\Lab 3\Lighting Student Version\main.cpp(486,53): warning C4305: 'argument': truncation from 'double' to 'float'
F:\academic\4-2\1. LAB FILES\AAA\Lab 3\Lighting Student Version\main.cpp(486,46): warning C4305: 'argument': truncation from 'double' to 'float'
F:\academic\4-2\1. LAB FILES\AAA\Lab 3\Lighting Student Version\main.cpp(497,60): warning C4305: 'argument': truncation from 'double' to 'float'
F:\academic\4-2\1. LAB FILES\AAA\Lab 3\Lighting Student Version\main.cpp(497,53): warning C4305: 'argument': truncation from 'double' to 'float'
F:\academic\4-2\1. LAB FILES\AAA\Lab 3\Lighting Student Version\main.cpp(497,46): warning C4305: 'argument': truncation from 'double' to 'float'
F:\academic\4-2\1. LAB FILES\AAA\Lab 3\Lighting Student Version\main.cpp(523,47): warning C4305: '-=': truncation from 'double' to 'float'
F:\academic\4-2\1. LAB FILES\AAA\Lab 3\Lighting Student Version\main.cpp(524,52): warning C4305: '-=': truncation from 'double' to 'float'
F:\academic\4-2\1. LAB FILES\AAA\Lab 3\Lighting Student Version\main.cpp(525,34): warning C4305: '-=': truncation from 'double' to 'float'
F:\academic\4-2\1. LAB FILES\AAA\Lab 3\Lighting Student Version\main.cpp(527,75): warning C4305: '+=': truncation from 'double' to 'float'
F:\academic\4-2\1. LAB FILES\AAA\Lab 3\Lighting Student Version\main.cpp(528,75): warning C4305: '-=': truncation from 'double' to 'float'
F:\academic\4-2\1. LAB FILES\AAA\Lab 3\Lighting Student Version\main.cpp(529,75): warning C4305: '+=': truncation from 'double' to 'float'
F:\academic\4-2\1. LAB FILES\AAA\Lab 3\Lighting Student Version\main.cpp(530,75): warning C4305: '-=': truncation from 'double' to 'float'
F:\academic\4-2\1. LAB FILES\AAA\Lab 3\Lighting Student Version\main.cpp(531,75): warning C4305: '+=': truncation from 'double' to 'float'
F:\academic\4-2\1. LAB FILES\AAA\Lab 3\Lighting Student Version\main.cpp(532,75): warning C4305: '-=': truncation from 'double' to 'float'
F:\academic\4-2\1. LAB FILES\AAA\Lab 3\Lighting Student Version\main.cpp(533,71): warning C4305: '+=': truncation from 'double' to 'float'
F:\academic\4-2\1. LAB FILES\AAA\Lab 3\Lighting Student Version\main.cpp(534,71): warning C4305: '-=': truncation from 'double' to 'float'
F:\academic\4-2\1. LAB FILES\AAA\Lab 3\Lighting Student Version\main.cpp(535,71): warning C4305: '+=': truncation from 'double' to 'float'
F:\academic\4-2\1. LAB FILES\AAA\Lab 3\Lighting Student Version\main.cpp(536,71): warning C4305: '-=': truncation from 'double' to 'float'
F:\academic\4-2\1. LAB FILES\AAA\Lab 3\Lighting Student Version\main.cpp(537,71): warning C4305: '+=': truncation from 'double' to 'float'
F:\academic\4-2\1. LAB FILES\AAA\Lab 3\Lighting Student Version\main.cpp(538,71): warning C4305: '-=': truncation from 'double' to 'float'
F:\academic\4-2\1. LAB FILES\AAA\Lab 3\Lighting Student Version\main.cpp(542,29): warning C4305: '+=': truncation from 'double' to 'float'
F:\academic\4-2\1. LAB FILES\AAA\Lab 3\Lighting Student Version\main.cpp(549,29): warning C4305: '+=': truncation from 'double' to 'float'
F:\academic\4-2\1. LAB FILES\AAA\Lab 3\Lighting Student Version\main.cpp(556,29): warning C4305: '+=': truncation from 'double' to 'float'
F:\academic\4-2\1. LAB FILES\AAA\Lab 3\Lighting Student Version\main.cpp(564,21): warning C4244: '+=': conversion from 'double' to 'float', possible loss of data
F:\academic\4-2\1. LAB FILES\AAA\Lab 3\Lighting Student Version\main.cpp(569,21): warning C4244: '-=': conversion from 'double' to 'float', possible loss of data
F:\academic\4-2\1. LAB FILES\AAA\Lab 3\Lighting Student Version\main.cpp(574,21): warning C4244: '+=': conversion from 'double' to 'float', possible loss of data
F:\academic\4-2\1. LAB FILES\AAA\Lab 3\Lighting Student Version\main.cpp(579,21): warning C4244: '-=': conversion from 'double' to 'float', possible loss of data
F:\academic\4-2\1. LAB FILES\AAA\Lab 3\Lighting Student Version\main.cpp(584,21): warning C4244: '+=': conversion from 'double' to 'float', possible loss of data
F:\academic\4-2\1. LAB FILES\AAA\Lab 3\Lighting Student Version\main.cpp(589,21): warning C4244: '-=': conversion from 'double' to 'float', possible loss of data
  Lighting.vcxproj -> F:\academic\4-2\1. LAB FILES\AAA\Lab 3\Lighting Student Version\x64\Debug\Lighting.exe
